<?xml version="1.0" encoding="UTF-8"?>
<!-- Generated by org.testng.reporters.JUnitReportReporter -->
<testsuite hostname="INKOCWL000425" failures="0" tests="2" name="parametrization.ParameterizationwithTestngXml" time="0.012" errors="0" timestamp="2024-01-06T10:09:58 IST" skipped="0">
  <testcase classname="parametrization.ParameterizationwithTestngXml" name="checkParameter" time="0.001"/>
  <system-out/>
  <testcase classname="parametrization.ParameterizationwithTestngXml" name="checkParameter" time="0.011"/>
  <system-out/>
</testsuite> <!-- parametrization.ParameterizationwithTestngXml -->
