<?xml version="1.0" encoding="UTF-8"?>
<!-- Generated by org.testng.reporters.JUnitReportReporter -->
<testsuite hostname="INKOCWL000425" failures="0" tests="3" name="parametrization.ParameterizationClass" time="0.026" errors="0" timestamp="2024-01-03T15:26:58 IST" skipped="0">
  <testcase classname="parametrization.ParameterizationClass" name="testMethod" time="0.017"/>
  <system-out/>
  <testcase classname="parametrization.ParameterizationClass" name="testMethod" time="0.004"/>
  <system-out/>
  <testcase classname="parametrization.ParameterizationClass" name="testMethod" time="0.005"/>
  <system-out/>
</testsuite> <!-- parametrization.ParameterizationClass -->
