<?xml version="1.0" encoding="UTF-8"?>
<!-- Generated by org.testng.reporters.JUnitReportReporter -->
<testsuite hostname="INKOCWL000425" failures="0" tests="1" name="com.makemytrip.FlightVerification" time="25.140" errors="0" timestamp="2024-01-13T11:50:11 IST" skipped="0">
  <testcase classname="com.makemytrip.FlightVerification" name="verifyFlights" time="25.140"/>
  <system-out/>
</testsuite> <!-- com.makemytrip.FlightVerification -->
