<?xml version="1.0" encoding="UTF-8"?>
<!-- Generated by org.testng.reporters.JUnitReportReporter -->
<testsuite hostname="INKOCWL000425" failures="0" tests="6" name="parrallelexecution.ParrallelTenstNG" time="12.140" errors="0" timestamp="2024-01-08T09:17:05 IST" skipped="0">
  <testcase classname="parrallelexecution.ParrallelTenstNG" name="checkParrell" time="2.010"/>
  <system-out/>
  <testcase classname="parrallelexecution.ParrallelTenstNG" name="checkParrell" time="2.010"/>
  <system-out/>
  <testcase classname="parrallelexecution.ParrallelTenstNG" name="checkParrell" time="2.008"/>
  <system-out/>
  <testcase classname="parrallelexecution.ParrallelTenstNG" name="checkParrell" time="2.052"/>
  <system-out/>
  <testcase classname="parrallelexecution.ParrallelTenstNG" name="checkParrell" time="2.052"/>
  <system-out/>
  <testcase classname="parrallelexecution.ParrallelTenstNG" name="checkParrell" time="2.008"/>
  <system-out/>
</testsuite> <!-- parrallelexecution.ParrallelTenstNG -->
