<?xml version="1.0" encoding="UTF-8"?>
<!-- Generated by org.testng.reporters.JUnitReportReporter -->
<testsuite hostname="INKOCWL000425" failures="0" tests="2" name="parrallelexecution.ListenerTest" time="31.085" errors="0" timestamp="2024-01-10T08:58:12 IST" skipped="0">
  <testcase classname="parrallelexecution.ListenerTest" name="testMethodGoogle" time="15.462"/>
  <system-out/>
  <testcase classname="parrallelexecution.ListenerTest" name="testMethodGmail" time="15.623"/>
  <system-out/>
</testsuite> <!-- parrallelexecution.ListenerTest -->
