<?xml version="1.0" encoding="UTF-8"?>
<!-- Generated by org.testng.reporters.JUnitReportReporter -->
<testsuite hostname="INKOCWL000425" failures="0" tests="1" name="TestClassSampleSalesForce" time="58.605" errors="0" timestamp="2023-11-08T09:24:53 IST" skipped="0">
  <testcase classname="TestClassSampleSalesForce" name="getMonitoringApp" time="58.605"/>
  <system-out/>
</testsuite> <!-- TestClassSampleSalesForce -->
